{"name": "test_chrome_options", "status": "failed", "statusDetails": {"message": "AssertionError: assert True == False", "trace": "def test_chrome_options():\n        chrome_options = Options()\n        chrome_options.add_argument(\"--incognito\")\n        # chrome_options.add_argument(\"--start-fullscreen\")\n        chrome_options.add_argument(\"--start-maximized\")\n        chrome_options.add_argument(\"--headless\")  # Execution will not visible. It will run in background.\n    \n        driver = webdriver.Chrome(chrome_options)\n        driver.get(\"https://katalon-demo-cura.herokuapp.com/\")\n>       assert True == False\nE       assert True == False\n\nsrc\\ex17102024\\Lab001.py:21: AssertionError"}, "start": 1729253157085, "stop": 1729253161642, "uuid": "1a728f58-a624-4df8-8524-182c2d16f552", "historyId": "5c7fa9b0f286c4a5bdd64605c45c7f94", "testCaseId": "5c7fa9b0f286c4a5bdd64605c45c7f94", "fullName": "src.ex17102024.Lab001#test_chrome_options", "labels": [{"name": "parentSuite", "value": "src.ex17102024"}, {"name": "suite", "value": "Lab001"}, {"name": "host", "value": "DESKTOP-0HAARRU"}, {"name": "thread", "value": "12664-MainThread"}, {"name": "framework", "value": "pytest"}, {"name": "language", "value": "cpython3"}, {"name": "package", "value": "src.ex17102024.Lab001"}]}