{"name": "test_selenium_negative_with_class_name", "status": "failed", "statusDetails": {"message": "AssertionError: assert '' == 'Your email, ...did not match'\n  \n  - Your email, password, IP address or location did not match", "trace": "def test_selenium_negative_with_class_name():\n        driver = webdriver.Chrome()\n        driver.get(\"https://app.vwo.com/#/login\")\n        time.sleep(2)\n        user_name = driver.find_element(By.ID, \"login-username\")\n        user_name.send_keys(\"admin\")\n        time.sleep(2)\n        password = driver.find_element(By.ID, \"login-password\")\n        password.send_keys(\"password\")\n        time.sleep(2)\n        login_button = driver.find_element(By.ID, \"js-login-btn\")\n        login_button.click()\n        error_message = driver.find_element(By.ID, \"js-notification-box-msg\")\n>       assert error_message.text == \"Your email, password, IP address or location did not match\"\nE       AssertionError: assert '' == 'Your email, ...did not match'\nE         \nE         - Your email, password, IP address or location did not match\n\nsrc\\ex17102024\\Lab005.py:21: AssertionError"}, "start": 1729319477222, "stop": 1729319492127, "uuid": "c991c105-3def-4774-b749-ebf7fe9a2817", "historyId": "7aa333a8715fa17c4fc896d4b4a9b4aa", "testCaseId": "7aa333a8715fa17c4fc896d4b4a9b4aa", "fullName": "src.ex17102024.Lab005#test_selenium_negative_with_class_name", "labels": [{"name": "parentSuite", "value": "src.ex17102024"}, {"name": "suite", "value": "Lab005"}, {"name": "host", "value": "DESKTOP-0HAARRU"}, {"name": "thread", "value": "12788-MainThread"}, {"name": "framework", "value": "pytest"}, {"name": "language", "value": "cpython3"}, {"name": "package", "value": "src.ex17102024.Lab005"}]}